# JRE version: Java(TM) SE Runtime Environment (8.0_131-b11) (build 1.8.0_131-b11)
# Java VM: Java HotSpot(TM) 64-Bit Server VM (25.131-b11 mixed mode windows-amd64 compressed oops)
Heap:
 PSYoungGen      total 203776K, used 188971K [0x00000000d6e00000, 0x00000000e6780000, 0x0000000100000000)
  eden space 193024K, 93% used [0x00000000d6e00000,0x00000000e1e8d778,0x00000000e2a80000)
  from space 10752K, 76% used [0x00000000e2a80000,0x00000000e327d7f8,0x00000000e3500000)
  to   space 11264K, 0% used [0x00000000e5c80000,0x00000000e5c80000,0x00000000e6780000)
 ParOldGen       total 78336K, used 17596K [0x0000000084a00000, 0x0000000089680000, 0x00000000d6e00000)
  object space 78336K, 22% used [0x0000000084a00000,0x0000000085b2f1e8,0x0000000089680000)
 Metaspace       used 47215K, capacity 50472K, committed 50816K, reserved 1093632K
  class space    used 6389K, capacity 6924K, committed 7040K, reserved 1048576K
GC Heap History (10 events):
Event: 17.184 GC heap before
{Heap before GC invocations=11 (full 1):
 PSYoungGen      total 131072K, used 131042K [0x00000000d6e00000, 0x00000000e0880000, 0x0000000100000000)
  eden space 124416K, 100% used [0x00000000d6e00000,0x00000000de780000,0x00000000de780000)
  from space 6656K, 99% used [0x00000000de780000,0x00000000dedf8800,0x00000000dee00000)
  to   space 7168K, 0% used [0x00000000e0180000,0x00000000e0180000,0x00000000e0880000)
 ParOldGen       total 51200K, used 8144K [0x0000000084a00000, 0x0000000087c00000, 0x00000000d6e00000)
  object space 51200K, 15% used [0x0000000084a00000,0x00000000851f4380,0x0000000087c00000)
 Metaspace       used 31725K, capacity 33592K, committed 33792K, reserved 1079296K
  class space    used 4182K, capacity 4536K, committed 4608K, reserved 1048576K
Event: 17.202 GC heap after
Heap after GC invocations=11 (full 1):
 PSYoungGen      total 149504K, used 7156K [0x00000000d6e00000, 0x00000000e2380000, 0x0000000100000000)
  eden space 142336K, 0% used [0x00000000d6e00000,0x00000000d6e00000,0x00000000df900000)
  from space 7168K, 99% used [0x00000000e0180000,0x00000000e087d008,0x00000000e0880000)
  to   space 8704K, 0% used [0x00000000df900000,0x00000000df900000,0x00000000e0180000)
 ParOldGen       total 51200K, used 10660K [0x0000000084a00000, 0x0000000087c00000, 0x00000000d6e00000)
  object space 51200K, 20% used [0x0000000084a00000,0x0000000085469168,0x0000000087c00000)
 Metaspace       used 31725K, capacity 33592K, committed 33792K, reserved 1079296K
  class space    used 4182K, capacity 4536K, committed 4608K, reserved 1048576K
}
Event: 18.221 GC heap before
{Heap before GC invocations=12 (full 1):
 PSYoungGen      total 149504K, used 40501K [0x00000000d6e00000, 0x00000000e2380000, 0x0000000100000000)
  eden space 142336K, 23% used [0x00000000d6e00000,0x00000000d8e90698,0x00000000df900000)
  from space 7168K, 99% used [0x00000000e0180000,0x00000000e087d008,0x00000000e0880000)
  to   space 8704K, 0% used [0x00000000df900000,0x00000000df900000,0x00000000e0180000)
 ParOldGen       total 51200K, used 10660K [0x0000000084a00000, 0x0000000087c00000, 0x00000000d6e00000)
  object space 51200K, 20% used [0x0000000084a00000,0x0000000085469168,0x0000000087c00000)
 Metaspace       used 33459K, capacity 35420K, committed 35496K, reserved 1079296K
  class space    used 4413K, capacity 4788K, committed 4864K, reserved 1048576K
Event: 18.238 GC heap after
Heap after GC invocations=12 (full 1):
 PSYoungGen      total 151040K, used 2126K [0x00000000d6e00000, 0x00000000e3f80000, 0x0000000100000000)
  eden space 142336K, 0% used [0x00000000d6e00000,0x00000000d6e00000,0x00000000df900000)
  from space 8704K, 24% used [0x00000000df900000,0x00000000dfb13890,0x00000000e0180000)
  to   space 9216K, 0% used [0x00000000e3680000,0x00000000e3680000,0x00000000e3f80000)
 ParOldGen       total 51200K, used 15001K [0x0000000084a00000, 0x0000000087c00000, 0x00000000d6e00000)
  object space 51200K, 29% used [0x0000000084a00000,0x00000000858a6550,0x0000000087c00000)
 Metaspace       used 33459K, capacity 35420K, committed 35496K, reserved 1079296K
  class space    used 4413K, capacity 4788K, committed 4864K, reserved 1048576K
}
Event: 18.238 GC heap before
{Heap before GC invocations=13 (full 2):
 PSYoungGen      total 151040K, used 2126K [0x00000000d6e00000, 0x00000000e3f80000, 0x0000000100000000)
  eden space 142336K, 0% used [0x00000000d6e00000,0x00000000d6e00000,0x00000000df900000)
  from space 8704K, 24% used [0x00000000df900000,0x00000000dfb13890,0x00000000e0180000)
  to   space 9216K, 0% used [0x00000000e3680000,0x00000000e3680000,0x00000000e3f80000)
 ParOldGen       total 51200K, used 15001K [0x0000000084a00000, 0x0000000087c00000, 0x00000000d6e00000)
  object space 51200K, 29% used [0x0000000084a00000,0x00000000858a6550,0x0000000087c00000)
 Metaspace       used 33459K, capacity 35420K, committed 35496K, reserved 1079296K
  class space    used 4413K, capacity 4788K, committed 4864K, reserved 1048576K
Event: 18.347 GC heap after
Heap after GC invocations=13 (full 2):
 PSYoungGen      total 151040K, used 0K [0x00000000d6e00000, 0x00000000e3f80000, 0x0000000100000000)
  eden space 142336K, 0% used [0x00000000d6e00000,0x00000000d6e00000,0x00000000df900000)
  from space 8704K, 0% used [0x00000000df900000,0x00000000df900000,0x00000000e0180000)
  to   space 9216K, 0% used [0x00000000e3680000,0x00000000e3680000,0x00000000e3f80000)
 ParOldGen       total 78336K, used 11963K [0x0000000084a00000, 0x0000000089680000, 0x00000000d6e00000)
  object space 78336K, 15% used [0x0000000084a00000,0x00000000855aec28,0x0000000089680000)
 Metaspace       used 33459K, capacity 35420K, committed 35496K, reserved 1079296K
  class space    used 4413K, capacity 4788K, committed 4864K, reserved 1048576K
}
Event: 22.096 GC heap before
{Heap before GC invocations=14 (full 2):
 PSYoungGen      total 151040K, used 142336K [0x00000000d6e00000, 0x00000000e3f80000, 0x0000000100000000)
  eden space 142336K, 100% used [0x00000000d6e00000,0x00000000df900000,0x00000000df900000)
  from space 8704K, 0% used [0x00000000df900000,0x00000000df900000,0x00000000e0180000)
  to   space 9216K, 0% used [0x00000000e3680000,0x00000000e3680000,0x00000000e3f80000)
 ParOldGen       total 78336K, used 11963K [0x0000000084a00000, 0x0000000089680000, 0x00000000d6e00000)
  object space 78336K, 15% used [0x0000000084a00000,0x00000000855aec28,0x0000000089680000)
 Metaspace       used 41205K, capacity 43612K, committed 43776K, reserved 1087488K
  class space    used 5572K, capacity 6028K, committed 6144K, reserved 1048576K
Event: 22.113 GC heap after
Heap after GC invocations=14 (full 2):
 PSYoungGen      total 192512K, used 9191K [0x00000000d6e00000, 0x00000000e3f80000, 0x0000000100000000)
  eden space 183296K, 0% used [0x00000000d6e00000,0x00000000d6e00000,0x00000000e2100000)
  from space 9216K, 99% used [0x00000000e3680000,0x00000000e3f79e50,0x00000000e3f80000)
  to   space 10752K, 0% used [0x00000000e2a80000,0x00000000e2a80000,0x00000000e3500000)
 ParOldGen       total 78336K, used 13340K [0x0000000084a00000, 0x0000000089680000, 0x00000000d6e00000)
  object space 78336K, 17% used [0x0000000084a00000,0x0000000085707180,0x0000000089680000)
 Metaspace       used 41205K, capacity 43612K, committed 43776K, reserved 1087488K
  class space    used 5572K, capacity 6028K, committed 6144K, reserved 1048576K
}
Event: 27.207 GC heap before
{Heap before GC invocations=15 (full 2):
 PSYoungGen      total 192512K, used 192487K [0x00000000d6e00000, 0x00000000e3f80000, 0x0000000100000000)
  eden space 183296K, 100% used [0x00000000d6e00000,0x00000000e2100000,0x00000000e2100000)
  from space 9216K, 99% used [0x00000000e3680000,0x00000000e3f79e50,0x00000000e3f80000)
  to   space 10752K, 0% used [0x00000000e2a80000,0x00000000e2a80000,0x00000000e3500000)
 ParOldGen       total 78336K, used 13340K [0x0000000084a00000, 0x0000000089680000, 0x00000000d6e00000)
  object space 78336K, 17% used [0x0000000084a00000,0x0000000085707180,0x0000000089680000)
 Metaspace       used 44864K, capacity 47930K, committed 48128K, reserved 1091584K
  class space    used 6093K, capacity 6635K, committed 6656K, reserved 1048576K
Event: 27.233 GC heap after
Heap after GC invocations=15 (full 2):
 PSYoungGen      total 203776K, used 8181K [0x00000000d6e00000, 0x00000000e6780000, 0x0000000100000000)
  eden space 193024K, 0% used [0x00000000d6e00000,0x00000000d6e00000,0x00000000e2a80000)
  from space 10752K, 76% used [0x00000000e2a80000,0x00000000e327d7f8,0x00000000e3500000)
  to   space 11264K, 0% used [0x00000000e5c80000,0x00000000e5c80000,0x00000000e6780000)
 ParOldGen       total 78336K, used 17596K [0x0000000084a00000, 0x0000000089680000, 0x00000000d6e00000)
  object space 78336K, 22% used [0x0000000084a00000,0x0000000085b2f1e8,0x0000000089680000)
 Metaspace       used 44864K, capacity 47930K, committed 48128K, reserved 1091584K
  class space    used 6093K, capacity 6635K, committed 6656K, reserved 1048576K
}

